2018-09-11 14:05:51,154 INFO [ParallelWorker#4] Sell_Mob_1st_Reg.Component_helper.Button_Helper.Clicks - Clicking elementsRegister
2018-09-11 14:05:56,509 INFO [ParallelWorker#4] Sell_Mob_1st_Reg.Component_helper.TextBox_Helper.EnterText - Entering text
2018-09-11 14:05:56,752 INFO [ParallelWorker#4] Sell_Mob_1st_Reg.Component_helper.TextBox_Helper.EnterText - Entering text
2018-09-11 14:05:57,129 INFO [ParallelWorker#4] Sell_Mob_1st_Reg.Component_helper.TextBox_Helper.EnterText - Entering text
2018-09-11 14:05:57,394 INFO [ParallelWorker#4] Sell_Mob_1st_Reg.Component_helper.TextBox_Helper.EnterText - Entering text
2018-09-11 14:05:57,618 INFO [ParallelWorker#4] Sell_Mob_1st_Reg.Component_helper.TextBox_Helper.EnterText - Entering text
2018-09-11 14:05:57,838 INFO [ParallelWorker#4] Sell_Mob_1st_Reg.Component_helper.TextBox_Helper.EnterText - Entering text
2018-09-11 14:05:58,367 INFO [ParallelWorker#4] Sell_Mob_1st_Reg.BaseClass.Sell_Mob_1st_Reg.RegistrationScript.Testing - Unsuccessful Registration button not working
2018-09-11 14:06:05,448 INFO [ParallelWorker#4] Sell_Mob_1st_Reg.Component_helper.Button_Helper.Clicks - Clicking elementsRegister
2018-09-11 14:06:10,682 INFO [ParallelWorker#4] Sell_Mob_1st_Reg.Component_helper.TextBox_Helper.EnterText - Entering text
2018-09-11 14:06:10,944 INFO [ParallelWorker#4] Sell_Mob_1st_Reg.Component_helper.TextBox_Helper.EnterText - Entering text
2018-09-11 14:06:11,283 INFO [ParallelWorker#4] Sell_Mob_1st_Reg.Component_helper.TextBox_Helper.EnterText - Entering text
2018-09-11 14:06:11,562 INFO [ParallelWorker#4] Sell_Mob_1st_Reg.Component_helper.TextBox_Helper.EnterText - Entering text
2018-09-11 14:06:11,814 INFO [ParallelWorker#4] Sell_Mob_1st_Reg.Component_helper.TextBox_Helper.EnterText - Entering text
2018-09-11 14:06:12,064 INFO [ParallelWorker#4] Sell_Mob_1st_Reg.Component_helper.TextBox_Helper.EnterText - Entering text
2018-09-11 14:06:12,559 INFO [ParallelWorker#4] Sell_Mob_1st_Reg.BaseClass.Sell_Mob_1st_Reg.RegistrationScript.Testing - Unsuccessful Registration button not working
2018-09-11 14:06:19,261 INFO [ParallelWorker#4] Sell_Mob_1st_Reg.Component_helper.Button_Helper.Clicks - Clicking elementsRegister
2018-09-11 14:06:24,538 INFO [ParallelWorker#4] Sell_Mob_1st_Reg.Component_helper.TextBox_Helper.EnterText - Entering text
2018-09-11 14:06:24,782 INFO [ParallelWorker#4] Sell_Mob_1st_Reg.Component_helper.TextBox_Helper.EnterText - Entering text
2018-09-11 14:06:25,183 INFO [ParallelWorker#4] Sell_Mob_1st_Reg.Component_helper.TextBox_Helper.EnterText - Entering text
2018-09-11 14:06:25,451 INFO [ParallelWorker#4] Sell_Mob_1st_Reg.Component_helper.TextBox_Helper.EnterText - Entering text
2018-09-11 14:06:25,737 INFO [ParallelWorker#4] Sell_Mob_1st_Reg.Component_helper.TextBox_Helper.EnterText - Entering text
2018-09-11 14:06:25,995 INFO [ParallelWorker#4] Sell_Mob_1st_Reg.Component_helper.TextBox_Helper.EnterText - Entering text
2018-09-11 14:06:26,524 INFO [ParallelWorker#4] Sell_Mob_1st_Reg.BaseClass.Sell_Mob_1st_Reg.RegistrationScript.Testing - Unsuccessful Registration button not working
2018-09-11 14:06:33,749 INFO [ParallelWorker#4] Sell_Mob_1st_Reg.Component_helper.Button_Helper.Clicks - Clicking elementsRegister
2018-09-11 14:06:38,988 INFO [ParallelWorker#4] Sell_Mob_1st_Reg.Component_helper.TextBox_Helper.EnterText - Entering text
2018-09-11 14:06:39,238 INFO [ParallelWorker#4] Sell_Mob_1st_Reg.Component_helper.TextBox_Helper.EnterText - Entering text
2018-09-11 14:06:39,609 INFO [ParallelWorker#4] Sell_Mob_1st_Reg.Component_helper.TextBox_Helper.EnterText - Entering text
2018-09-11 14:06:39,878 INFO [ParallelWorker#4] Sell_Mob_1st_Reg.Component_helper.TextBox_Helper.EnterText - Entering text
2018-09-11 14:06:40,161 INFO [ParallelWorker#4] Sell_Mob_1st_Reg.Component_helper.TextBox_Helper.EnterText - Entering text
2018-09-11 14:06:40,436 INFO [ParallelWorker#4] Sell_Mob_1st_Reg.Component_helper.TextBox_Helper.EnterText - Entering text
2018-09-11 14:06:40,913 INFO [ParallelWorker#4] Sell_Mob_1st_Reg.BaseClass.Sell_Mob_1st_Reg.RegistrationScript.Testing - Unsuccessful Registration button not working
2018-09-11 14:06:47,745 INFO [ParallelWorker#4] Sell_Mob_1st_Reg.Component_helper.Button_Helper.Clicks - Clicking elementsRegister
2018-09-11 14:06:53,045 INFO [ParallelWorker#4] Sell_Mob_1st_Reg.Component_helper.TextBox_Helper.EnterText - Entering text
2018-09-11 14:06:53,280 INFO [ParallelWorker#4] Sell_Mob_1st_Reg.Component_helper.TextBox_Helper.EnterText - Entering text
2018-09-11 14:06:53,594 INFO [ParallelWorker#4] Sell_Mob_1st_Reg.Component_helper.TextBox_Helper.EnterText - Entering text
2018-09-11 14:06:53,822 INFO [ParallelWorker#4] Sell_Mob_1st_Reg.Component_helper.TextBox_Helper.EnterText - Entering text
2018-09-11 14:06:54,044 INFO [ParallelWorker#4] Sell_Mob_1st_Reg.Component_helper.TextBox_Helper.EnterText - Entering text
2018-09-11 14:06:54,272 INFO [ParallelWorker#4] Sell_Mob_1st_Reg.Component_helper.TextBox_Helper.EnterText - Entering text
2018-09-11 14:06:58,785 INFO [ParallelWorker#4] Sell_Mob_1st_Reg.BaseClass.Sell_Mob_1st_Reg.RegistrationScript.Testing - Unsuccessful Registration button not working
2018-09-11 14:07:05,571 INFO [ParallelWorker#4] Sell_Mob_1st_Reg.Component_helper.Button_Helper.Clicks - Clicking elementsRegister
2018-09-11 14:07:10,831 INFO [ParallelWorker#4] Sell_Mob_1st_Reg.Component_helper.TextBox_Helper.EnterText - Entering text
2018-09-11 14:07:11,079 INFO [ParallelWorker#4] Sell_Mob_1st_Reg.Component_helper.TextBox_Helper.EnterText - Entering text
2018-09-11 14:07:11,418 INFO [ParallelWorker#4] Sell_Mob_1st_Reg.Component_helper.TextBox_Helper.EnterText - Entering text
2018-09-11 14:07:11,716 INFO [ParallelWorker#4] Sell_Mob_1st_Reg.Component_helper.TextBox_Helper.EnterText - Entering text
2018-09-11 14:07:11,987 INFO [ParallelWorker#4] Sell_Mob_1st_Reg.Component_helper.TextBox_Helper.EnterText - Entering text
2018-09-11 14:07:12,268 INFO [ParallelWorker#4] Sell_Mob_1st_Reg.Component_helper.TextBox_Helper.EnterText - Entering text
2018-09-11 14:07:12,744 INFO [ParallelWorker#4] Sell_Mob_1st_Reg.BaseClass.Sell_Mob_1st_Reg.RegistrationScript.Testing - Unsuccessful Registration button not working
2018-09-11 14:07:19,484 INFO [ParallelWorker#4] Sell_Mob_1st_Reg.Component_helper.Button_Helper.Clicks - Clicking elementsRegister
2018-09-11 14:07:24,737 INFO [ParallelWorker#4] Sell_Mob_1st_Reg.Component_helper.TextBox_Helper.EnterText - Entering text
2018-09-11 14:07:24,988 INFO [ParallelWorker#4] Sell_Mob_1st_Reg.Component_helper.TextBox_Helper.EnterText - Entering text
2018-09-11 14:07:25,369 INFO [ParallelWorker#4] Sell_Mob_1st_Reg.Component_helper.TextBox_Helper.EnterText - Entering text
2018-09-11 14:07:25,622 INFO [ParallelWorker#4] Sell_Mob_1st_Reg.Component_helper.TextBox_Helper.EnterText - Entering text
2018-09-11 14:07:25,913 INFO [ParallelWorker#4] Sell_Mob_1st_Reg.Component_helper.TextBox_Helper.EnterText - Entering text
2018-09-11 14:07:26,218 INFO [ParallelWorker#4] Sell_Mob_1st_Reg.Component_helper.TextBox_Helper.EnterText - Entering text
2018-09-11 14:07:26,684 INFO [ParallelWorker#4] Sell_Mob_1st_Reg.BaseClass.Sell_Mob_1st_Reg.RegistrationScript.Testing - Unsuccessful Registration button not working
2018-09-11 14:07:33,474 INFO [ParallelWorker#4] Sell_Mob_1st_Reg.Component_helper.Button_Helper.Clicks - Clicking elementsRegister
2018-09-11 14:07:38,713 INFO [ParallelWorker#4] Sell_Mob_1st_Reg.Component_helper.TextBox_Helper.EnterText - Entering text
2018-09-11 14:07:38,954 INFO [ParallelWorker#4] Sell_Mob_1st_Reg.Component_helper.TextBox_Helper.EnterText - Entering text
2018-09-11 14:07:39,315 INFO [ParallelWorker#4] Sell_Mob_1st_Reg.Component_helper.TextBox_Helper.EnterText - Entering text
2018-09-11 14:07:39,567 INFO [ParallelWorker#4] Sell_Mob_1st_Reg.Component_helper.TextBox_Helper.EnterText - Entering text
2018-09-11 14:07:39,831 INFO [ParallelWorker#4] Sell_Mob_1st_Reg.Component_helper.TextBox_Helper.EnterText - Entering text
2018-09-11 14:07:40,088 INFO [ParallelWorker#4] Sell_Mob_1st_Reg.Component_helper.TextBox_Helper.EnterText - Entering text
2018-09-11 14:07:40,579 INFO [ParallelWorker#4] Sell_Mob_1st_Reg.BaseClass.Sell_Mob_1st_Reg.RegistrationScript.Testing - Unsuccessful Registration button not working
2018-09-11 14:07:47,382 INFO [ParallelWorker#4] Sell_Mob_1st_Reg.Component_helper.Button_Helper.Clicks - Clicking elementsRegister
2018-09-11 14:07:52,628 INFO [ParallelWorker#4] Sell_Mob_1st_Reg.Component_helper.TextBox_Helper.EnterText - Entering text
2018-09-11 14:07:52,861 INFO [ParallelWorker#4] Sell_Mob_1st_Reg.Component_helper.TextBox_Helper.EnterText - Entering text
2018-09-11 14:07:53,253 INFO [ParallelWorker#4] Sell_Mob_1st_Reg.Component_helper.TextBox_Helper.EnterText - Entering text
2018-09-11 14:07:53,516 INFO [ParallelWorker#4] Sell_Mob_1st_Reg.Component_helper.TextBox_Helper.EnterText - Entering text
2018-09-11 14:07:54,285 INFO [ParallelWorker#4] Sell_Mob_1st_Reg.Component_helper.TextBox_Helper.EnterText - Entering text
2018-09-11 14:07:55,012 INFO [ParallelWorker#4] Sell_Mob_1st_Reg.Component_helper.TextBox_Helper.EnterText - Entering text
2018-09-11 14:07:55,498 INFO [ParallelWorker#4] Sell_Mob_1st_Reg.BaseClass.Sell_Mob_1st_Reg.RegistrationScript.Testing - Successful Registration button working
2018-09-11 14:08:02,427 INFO [ParallelWorker#4] Sell_Mob_1st_Reg.Component_helper.Button_Helper.Clicks - Clicking elementsRegister
2018-09-11 14:08:07,577 INFO [ParallelWorker#4] Sell_Mob_1st_Reg.Component_helper.TextBox_Helper.EnterText - Entering text
2018-09-11 14:08:07,754 INFO [ParallelWorker#4] Sell_Mob_1st_Reg.Component_helper.TextBox_Helper.EnterText - Entering text
2018-09-11 14:08:08,249 INFO [ParallelWorker#4] Sell_Mob_1st_Reg.Component_helper.TextBox_Helper.EnterText - Entering text
2018-09-11 14:08:08,518 INFO [ParallelWorker#4] Sell_Mob_1st_Reg.Component_helper.TextBox_Helper.EnterText - Entering text
2018-09-11 14:08:08,935 INFO [ParallelWorker#4] Sell_Mob_1st_Reg.Component_helper.TextBox_Helper.EnterText - Entering text
2018-09-11 14:08:09,348 INFO [ParallelWorker#4] Sell_Mob_1st_Reg.Component_helper.TextBox_Helper.EnterText - Entering text
2018-09-11 14:08:09,862 INFO [ParallelWorker#4] Sell_Mob_1st_Reg.BaseClass.Sell_Mob_1st_Reg.RegistrationScript.Testing - Unsuccessful Registration button not working
2018-09-11 14:08:16,733 INFO [ParallelWorker#4] Sell_Mob_1st_Reg.Component_helper.Button_Helper.Clicks - Clicking elementsRegister
2018-09-11 14:08:21,890 INFO [ParallelWorker#4] Sell_Mob_1st_Reg.Component_helper.TextBox_Helper.EnterText - Entering text
2018-09-11 14:08:22,061 INFO [ParallelWorker#4] Sell_Mob_1st_Reg.Component_helper.TextBox_Helper.EnterText - Entering text
2018-09-11 14:08:22,248 INFO [ParallelWorker#4] Sell_Mob_1st_Reg.Component_helper.TextBox_Helper.EnterText - Entering text
2018-09-11 14:08:22,430 INFO [ParallelWorker#4] Sell_Mob_1st_Reg.Component_helper.TextBox_Helper.EnterText - Entering text
2018-09-11 14:08:22,608 INFO [ParallelWorker#4] Sell_Mob_1st_Reg.Component_helper.TextBox_Helper.EnterText - Entering text
2018-09-11 14:08:22,785 INFO [ParallelWorker#4] Sell_Mob_1st_Reg.Component_helper.TextBox_Helper.EnterText - Entering text
2018-09-11 14:08:23,351 INFO [ParallelWorker#4] Sell_Mob_1st_Reg.BaseClass.Sell_Mob_1st_Reg.RegistrationScript.Testing - Unsuccessful Registration button not working
2018-09-11 14:08:34,098 INFO [ParallelWorker#4] Sell_Mob_1st_Reg.Component_helper.Button_Helper.Clicks - Clicking elementsRegister
2018-09-11 14:08:38,432 INFO [ParallelWorker#4] Sell_Mob_1st_Reg.Component_helper.TextBox_Helper.EnterText - Entering text
2018-09-11 14:08:38,684 INFO [ParallelWorker#4] Sell_Mob_1st_Reg.Component_helper.TextBox_Helper.EnterText - Entering text
2018-09-11 14:08:39,068 INFO [ParallelWorker#4] Sell_Mob_1st_Reg.Component_helper.TextBox_Helper.EnterText - Entering text
2018-09-11 14:08:39,340 INFO [ParallelWorker#4] Sell_Mob_1st_Reg.Component_helper.TextBox_Helper.EnterText - Entering text
2018-09-11 14:08:39,613 INFO [ParallelWorker#4] Sell_Mob_1st_Reg.Component_helper.TextBox_Helper.EnterText - Entering text
2018-09-11 14:08:39,869 INFO [ParallelWorker#4] Sell_Mob_1st_Reg.Component_helper.TextBox_Helper.EnterText - Entering text
2018-09-11 14:08:40,077 INFO [ParallelWorker#4] Sell_Mob_1st_Reg.Component_helper.Button_Helper.Clicks - Clicking elementsRegister
2018-09-11 14:08:40,089 INFO [ParallelWorker#4] Sell_Mob_1st_Reg.BaseClass.Sell_Mob_1st_Reg.RegistrationScript.testing2 - UnSuccessful Registration
